<?xml version="1.0" encoding="UTF-8"?>
<robot generator="Robot 3.2.1 (Python 3.7.7 on win32)" generated="20200615 14:17:19.114" rpa="false">
<suite id="s1" name="Tests" source="C:\Users\GeorgeGh\PycharmProjects\RobotPython\Tests">
<suite id="s1-s1" name="Test" source="C:\Users\GeorgeGh\PycharmProjects\RobotPython\Tests\Test.robot">
<test id="s1-s1-t1" name="test cases for sign up">
<kw name="open browser for all cases" library="CommonFunctionality">
<kw name="Open Browser" library="SeleniumLibrary">
<doc>Opens a new browser instance to the given ``url``.</doc>
<arguments>
<arg>http://a.testaddressbook.com/sign_up</arg>
<arg>gc</arg>
</arguments>
<msg timestamp="20200615 14:17:19.257" level="INFO">Opening browser 'gc' to base url 'http://a.testaddressbook.com/sign_up'.</msg>
<status status="PASS" starttime="20200615 14:17:19.257" endtime="20200615 14:17:23.945"></status>
</kw>
<status status="PASS" starttime="20200615 14:17:19.256" endtime="20200615 14:17:23.945"></status>
</kw>
<kw name="sign up test case with empty fields" library="Sign_Up_Test_Cases">
<tags>
<tag>empty fields</tag>
</tags>
<doc>Sign up test case</doc>
<kw name="Clear Element Text" library="SeleniumLibrary">
<doc>Clears the value of text entry element identified by ``locator``.</doc>
<arguments>
<arg>name:user[email]</arg>
</arguments>
<status status="PASS" starttime="20200615 14:17:23.946" endtime="20200615 14:17:23.982"></status>
</kw>
<kw name="Clear Element Text" library="SeleniumLibrary">
<doc>Clears the value of text entry element identified by ``locator``.</doc>
<arguments>
<arg>name:user[password]</arg>
</arguments>
<status status="PASS" starttime="20200615 14:17:23.982" endtime="20200615 14:17:24.018"></status>
</kw>
<kw name="Click Element" library="SeleniumLibrary">
<doc>Click element identified by ``locator``.</doc>
<arguments>
<arg>name:commit</arg>
</arguments>
<msg timestamp="20200615 14:17:24.018" level="INFO">Clicking element 'name:commit'.</msg>
<status status="PASS" starttime="20200615 14:17:24.018" endtime="20200615 14:17:24.301"></status>
</kw>
<kw name="Get Location" library="SeleniumLibrary">
<doc>Returns the current browser URL.</doc>
<assign>
<var>${url}</var>
</assign>
<msg timestamp="20200615 14:17:24.305" level="INFO">${url} = http://a.testaddressbook.com/users</msg>
<status status="PASS" starttime="20200615 14:17:24.301" endtime="20200615 14:17:24.306"></status>
</kw>
<kw name="Should Not Be Equal" library="BuiltIn">
<doc>Fails if the given objects are equal.</doc>
<arguments>
<arg>${url}</arg>
<arg>http://a.testaddressbook.com/sign_up</arg>
</arguments>
<status status="PASS" starttime="20200615 14:17:24.306" endtime="20200615 14:17:24.306"></status>
</kw>
<kw name="Title Should Be" library="SeleniumLibrary">
<doc>Verifies that current page title equals ``title``.</doc>
<arguments>
<arg>Address Book - Sign Up</arg>
</arguments>
<msg timestamp="20200615 14:17:24.312" level="INFO">Page title is 'Address Book - Sign Up'.</msg>
<status status="PASS" starttime="20200615 14:17:24.306" endtime="20200615 14:17:24.312"></status>
</kw>
<status status="PASS" starttime="20200615 14:17:23.946" endtime="20200615 14:17:24.312"></status>
</kw>
<kw name="sign up test case with exsisting email" library="Sign_Up_Test_Cases">
<tags>
<tag>exsisting email</tag>
</tags>
<doc>Sign up test case</doc>
<kw name="Clear Element Text" library="SeleniumLibrary">
<doc>Clears the value of text entry element identified by ``locator``.</doc>
<arguments>
<arg>name:user[email]</arg>
</arguments>
<status status="PASS" starttime="20200615 14:17:24.313" endtime="20200615 14:17:24.341"></status>
</kw>
<kw name="Clear Element Text" library="SeleniumLibrary">
<doc>Clears the value of text entry element identified by ``locator``.</doc>
<arguments>
<arg>name:user[password]</arg>
</arguments>
<status status="PASS" starttime="20200615 14:17:24.341" endtime="20200615 14:17:24.373"></status>
</kw>
<kw name="Input Text" library="SeleniumLibrary">
<doc>Types the given ``text`` into text field identified by ``locator``.</doc>
<arguments>
<arg>name:user[email]</arg>
<arg>george.ghawali@exalt.email</arg>
</arguments>
<msg timestamp="20200615 14:17:24.374" level="INFO">Typing text 'george.ghawali@exalt.email' into text field 'name:user[email]'.</msg>
<status status="PASS" starttime="20200615 14:17:24.374" endtime="20200615 14:17:24.463"></status>
</kw>
<kw name="Input Text" library="SeleniumLibrary">
<doc>Types the given ``text`` into text field identified by ``locator``.</doc>
<arguments>
<arg>name:user[password]</arg>
<arg>123456789</arg>
</arguments>
<msg timestamp="20200615 14:17:24.463" level="INFO">Typing text '123456789' into text field 'name:user[password]'.</msg>
<status status="PASS" starttime="20200615 14:17:24.463" endtime="20200615 14:17:24.516"></status>
</kw>
<kw name="Click Element" library="SeleniumLibrary">
<doc>Click element identified by ``locator``.</doc>
<arguments>
<arg>name:commit</arg>
</arguments>
<msg timestamp="20200615 14:17:24.516" level="INFO">Clicking element 'name:commit'.</msg>
<status status="PASS" starttime="20200615 14:17:24.516" endtime="20200615 14:17:24.868"></status>
</kw>
<kw name="Get Location" library="SeleniumLibrary">
<doc>Returns the current browser URL.</doc>
<assign>
<var>${url}</var>
</assign>
<msg timestamp="20200615 14:17:24.871" level="INFO">${url} = http://a.testaddressbook.com/users</msg>
<status status="PASS" starttime="20200615 14:17:24.868" endtime="20200615 14:17:24.871"></status>
</kw>
<kw name="Should Not Be Equal" library="BuiltIn">
<doc>Fails if the given objects are equal.</doc>
<arguments>
<arg>${url}</arg>
<arg>http://a.testaddressbook.com/sign_up</arg>
</arguments>
<status status="PASS" starttime="20200615 14:17:24.872" endtime="20200615 14:17:24.872"></status>
</kw>
<kw name="Title Should Be" library="SeleniumLibrary">
<doc>Verifies that current page title equals ``title``.</doc>
<arguments>
<arg>Address Book - Sign Up</arg>
</arguments>
<msg timestamp="20200615 14:17:24.874" level="INFO">Page title is 'Address Book - Sign Up'.</msg>
<status status="PASS" starttime="20200615 14:17:24.872" endtime="20200615 14:17:24.874"></status>
</kw>
<status status="PASS" starttime="20200615 14:17:24.312" endtime="20200615 14:17:24.875"></status>
</kw>
<kw name="sign up test case with invalid email" library="Sign_Up_Test_Cases">
<tags>
<tag>invalid email</tag>
</tags>
<doc>Sign up test case</doc>
<kw name="Go To" library="SeleniumLibrary">
<doc>Navigates the active browser instance to the provided ``url``.</doc>
<arguments>
<arg>http://a.testaddressbook.com/sign_up</arg>
</arguments>
<msg timestamp="20200615 14:17:24.876" level="INFO">Opening url 'http://a.testaddressbook.com/sign_up'</msg>
<status status="PASS" starttime="20200615 14:17:24.875" endtime="20200615 14:17:25.082"></status>
</kw>
<kw name="Clear Element Text" library="SeleniumLibrary">
<doc>Clears the value of text entry element identified by ``locator``.</doc>
<arguments>
<arg>name:user[email]</arg>
</arguments>
<status status="PASS" starttime="20200615 14:17:25.082" endtime="20200615 14:17:25.110"></status>
</kw>
<kw name="Clear Element Text" library="SeleniumLibrary">
<doc>Clears the value of text entry element identified by ``locator``.</doc>
<arguments>
<arg>name:user[password]</arg>
</arguments>
<status status="PASS" starttime="20200615 14:17:25.110" endtime="20200615 14:17:25.135"></status>
</kw>
<kw name="Input Text" library="SeleniumLibrary">
<doc>Types the given ``text`` into text field identified by ``locator``.</doc>
<arguments>
<arg>name:user[email]</arg>
<arg>invalid email</arg>
</arguments>
<msg timestamp="20200615 14:17:25.136" level="INFO">Typing text 'invalid email' into text field 'name:user[email]'.</msg>
<status status="PASS" starttime="20200615 14:17:25.136" endtime="20200615 14:17:25.193"></status>
</kw>
<kw name="Input Text" library="SeleniumLibrary">
<doc>Types the given ``text`` into text field identified by ``locator``.</doc>
<arguments>
<arg>name:user[password]</arg>
<arg>123456789</arg>
</arguments>
<msg timestamp="20200615 14:17:25.194" level="INFO">Typing text '123456789' into text field 'name:user[password]'.</msg>
<status status="PASS" starttime="20200615 14:17:25.193" endtime="20200615 14:17:25.250"></status>
</kw>
<kw name="Click Element" library="SeleniumLibrary">
<doc>Click element identified by ``locator``.</doc>
<arguments>
<arg>name:commit</arg>
</arguments>
<msg timestamp="20200615 14:17:25.250" level="INFO">Clicking element 'name:commit'.</msg>
<status status="PASS" starttime="20200615 14:17:25.250" endtime="20200615 14:17:25.304"></status>
</kw>
<kw name="Title Should Be" library="SeleniumLibrary">
<doc>Verifies that current page title equals ``title``.</doc>
<arguments>
<arg>Address Book - Sign Up</arg>
</arguments>
<msg timestamp="20200615 14:17:25.307" level="INFO">Page title is 'Address Book - Sign Up'.</msg>
<status status="PASS" starttime="20200615 14:17:25.304" endtime="20200615 14:17:25.307"></status>
</kw>
<kw name="Get Location" library="SeleniumLibrary">
<doc>Returns the current browser URL.</doc>
<assign>
<var>${url}</var>
</assign>
<msg timestamp="20200615 14:17:25.313" level="INFO">${url} = http://a.testaddressbook.com/sign_up</msg>
<status status="PASS" starttime="20200615 14:17:25.307" endtime="20200615 14:17:25.313"></status>
</kw>
<kw name="Should Be Equal" library="BuiltIn">
<doc>Fails if the given objects are unequal.</doc>
<arguments>
<arg>${url}</arg>
<arg>http://a.testaddressbook.com/sign_up</arg>
</arguments>
<status status="PASS" starttime="20200615 14:17:25.313" endtime="20200615 14:17:25.313"></status>
</kw>
<status status="PASS" starttime="20200615 14:17:24.875" endtime="20200615 14:17:25.313"></status>
</kw>
<kw name="sign up test case with new email" library="Sign_Up_Test_Cases">
<tags>
<tag>invalid email</tag>
</tags>
<doc>Sign up test case</doc>
<kw name="Clear Element Text" library="SeleniumLibrary">
<doc>Clears the value of text entry element identified by ``locator``.</doc>
<arguments>
<arg>name:user[email]</arg>
</arguments>
<status status="PASS" starttime="20200615 14:17:25.314" endtime="20200615 14:17:25.335"></status>
</kw>
<kw name="Clear Element Text" library="SeleniumLibrary">
<doc>Clears the value of text entry element identified by ``locator``.</doc>
<arguments>
<arg>name:user[password]</arg>
</arguments>
<status status="PASS" starttime="20200615 14:17:25.336" endtime="20200615 14:17:25.357"></status>
</kw>
<kw name="Input Text" library="SeleniumLibrary">
<doc>Types the given ``text`` into text field identified by ``locator``.</doc>
<arguments>
<arg>name:user[email]</arg>
<arg>new_email_21@hotmail.com</arg>
</arguments>
<msg timestamp="20200615 14:17:25.357" level="INFO">Typing text 'new_email_21@hotmail.com' into text field 'name:user[email]'.</msg>
<status status="PASS" starttime="20200615 14:17:25.357" endtime="20200615 14:17:25.438"></status>
</kw>
<kw name="Input Text" library="SeleniumLibrary">
<doc>Types the given ``text`` into text field identified by ``locator``.</doc>
<arguments>
<arg>name:user[password]</arg>
<arg>123456789</arg>
</arguments>
<msg timestamp="20200615 14:17:25.438" level="INFO">Typing text '123456789' into text field 'name:user[password]'.</msg>
<status status="PASS" starttime="20200615 14:17:25.438" endtime="20200615 14:17:25.484"></status>
</kw>
<kw name="Set Variable" library="BuiltIn">
<doc>Returns the given values which can then be assigned to a variables.</doc>
<arguments>
<arg>${signed_email}</arg>
<arg>name:user[email]</arg>
</arguments>
<status status="PASS" starttime="20200615 14:17:25.484" endtime="20200615 14:17:25.485"></status>
</kw>
<kw name="Click Element" library="SeleniumLibrary">
<doc>Click element identified by ``locator``.</doc>
<arguments>
<arg>name:commit</arg>
</arguments>
<msg timestamp="20200615 14:17:25.485" level="INFO">Clicking element 'name:commit'.</msg>
<status status="PASS" starttime="20200615 14:17:25.485" endtime="20200615 14:17:25.832"></status>
</kw>
<kw name="Get Location" library="SeleniumLibrary">
<doc>Returns the current browser URL.</doc>
<assign>
<var>${url}</var>
</assign>
<msg timestamp="20200615 14:17:25.836" level="INFO">${url} = http://a.testaddressbook.com/users</msg>
<status status="PASS" starttime="20200615 14:17:25.833" endtime="20200615 14:17:25.836"></status>
</kw>
<kw name="Should Not Be Equal" library="BuiltIn">
<doc>Fails if the given objects are equal.</doc>
<arguments>
<arg>${url}</arg>
<arg>http://a.testaddressbook.com/sign_up</arg>
</arguments>
<status status="PASS" starttime="20200615 14:17:25.836" endtime="20200615 14:17:25.836"></status>
</kw>
<kw name="Title Should Be" library="SeleniumLibrary">
<doc>Verifies that current page title equals ``title``.</doc>
<arguments>
<arg>Address Book</arg>
</arguments>
<kw name="Capture Page Screenshot" library="SeleniumLibrary">
<doc>Takes screenshot of the current page and embeds it into log file.</doc>
<msg timestamp="20200615 14:17:26.088" level="INFO" html="yes">&lt;/td&gt;&lt;/tr&gt;&lt;tr&gt;&lt;td colspan="3"&gt;&lt;a href="selenium-screenshot-1.png"&gt;&lt;img src="selenium-screenshot-1.png" width="800px"&gt;&lt;/a&gt;</msg>
<status status="PASS" starttime="20200615 14:17:25.838" endtime="20200615 14:17:26.088"></status>
</kw>
<msg timestamp="20200615 14:17:26.088" level="FAIL">Title should have been 'Address Book' but was 'Address Book - Sign Up'.</msg>
<status status="FAIL" starttime="20200615 14:17:25.836" endtime="20200615 14:17:26.088"></status>
</kw>
<status status="FAIL" starttime="20200615 14:17:25.314" endtime="20200615 14:17:26.089"></status>
</kw>
<status status="FAIL" starttime="20200615 14:17:19.255" endtime="20200615 14:17:26.089" critical="yes">Title should have been 'Address Book' but was 'Address Book - Sign Up'.</status>
</test>
<doc>Addresses_Test</doc>
<status status="FAIL" starttime="20200615 14:17:19.134" endtime="20200615 14:17:26.090"></status>
</suite>
<suite id="s1-s2" name="Test1" source="C:\Users\GeorgeGh\PycharmProjects\RobotPython\Tests\Test1.robot">
<test id="s1-s2-t1" name="test_case">
<kw name="open google">
<kw name="Open Browser" library="SeleniumLibrary">
<doc>Opens a new browser instance to the given ``url``.</doc>
<arguments>
<arg>http://a.testaddressbook.com/sign_in</arg>
<arg>chrome</arg>
</arguments>
<msg timestamp="20200615 14:17:26.095" level="INFO">Opening browser 'chrome' to base url 'http://a.testaddressbook.com/sign_in'.</msg>
<status status="PASS" starttime="20200615 14:17:26.095" endtime="20200615 14:17:29.365"></status>
</kw>
<status status="PASS" starttime="20200615 14:17:26.095" endtime="20200615 14:17:29.365"></status>
</kw>
<kw name="Input Text" library="SeleniumLibrary">
<doc>Types the given ``text`` into text field identified by ``locator``.</doc>
<arguments>
<arg>name:session[email]</arg>
<arg>george.ghawali@exalt.email</arg>
</arguments>
<msg timestamp="20200615 14:17:29.366" level="INFO">Typing text 'george.ghawali@exalt.email' into text field 'name:session[email]'.</msg>
<status status="PASS" starttime="20200615 14:17:29.365" endtime="20200615 14:17:29.533"></status>
</kw>
<kw name="Input Text" library="SeleniumLibrary">
<doc>Types the given ``text`` into text field identified by ``locator``.</doc>
<arguments>
<arg>session[password]</arg>
<arg>123456789</arg>
</arguments>
<msg timestamp="20200615 14:17:29.533" level="INFO">Typing text '123456789' into text field 'session[password]'.</msg>
<status status="PASS" starttime="20200615 14:17:29.533" endtime="20200615 14:17:29.606"></status>
</kw>
<kw name="Click Element" library="SeleniumLibrary">
<doc>Click element identified by ``locator``.</doc>
<arguments>
<arg>name:commit</arg>
</arguments>
<msg timestamp="20200615 14:17:29.607" level="INFO">Clicking element 'name:commit'.</msg>
<status status="PASS" starttime="20200615 14:17:29.607" endtime="20200615 14:17:30.168"></status>
</kw>
<status status="PASS" starttime="20200615 14:17:26.094" endtime="20200615 14:17:30.168" critical="yes"></status>
</test>
<status status="PASS" starttime="20200615 14:17:26.092" endtime="20200615 14:17:30.169"></status>
</suite>
<status status="FAIL" starttime="20200615 14:17:19.115" endtime="20200615 14:17:30.171"></status>
</suite>
<statistics>
<total>
<stat pass="1" fail="1">Critical Tests</stat>
<stat pass="1" fail="1">All Tests</stat>
</total>
<tag>
</tag>
<suite>
<stat pass="1" fail="1" id="s1" name="Tests">Tests</stat>
<stat pass="0" fail="1" id="s1-s1" name="Test">Tests.Test</stat>
<stat pass="1" fail="0" id="s1-s2" name="Test1">Tests.Test1</stat>
</suite>
</statistics>
<errors>
</errors>
</robot>
