<?xml version="1.0" encoding="UTF-8"?>
<robot generator="Robot 3.2.1 (Python 3.7.7 on win32)" generated="20200622 10:55:24.661" rpa="false">
<suite id="s1" name="Test" source="C:\Users\GeorgeGh\PycharmProjects\RobotPython\Tests\Test.robot">
<test id="s1-t1" name="test cases for sign in">
<kw name="open browser for all cases" library="CommonFunctionality">
<kw name="Open Browser" library="SeleniumLibrary">
<doc>Opens a new browser instance to the given ``url``.</doc>
<arguments>
<arg>http://a.testaddressbook.com/</arg>
<arg>gc</arg>
</arguments>
<msg timestamp="20200622 10:55:24.810" level="INFO">Opening browser 'gc' to base url 'http://a.testaddressbook.com/'.</msg>
<status status="PASS" starttime="20200622 10:55:24.810" endtime="20200622 10:55:38.824"></status>
</kw>
<status status="PASS" starttime="20200622 10:55:24.809" endtime="20200622 10:55:38.825"></status>
</kw>
<kw name="sign in test case with empty fields" library="Sign_In_Test_Cases">
<tags>
<tag>empty fields</tag>
</tags>
<doc>Sign in test case</doc>
<kw name="Click Element" library="SeleniumLibrary">
<doc>Click element identified by ``locator``.</doc>
<arguments>
<arg>id:sign-in</arg>
</arguments>
<msg timestamp="20200622 10:55:38.826" level="INFO">Clicking element 'id:sign-in'.</msg>
<status status="PASS" starttime="20200622 10:55:38.826" endtime="20200622 10:55:38.898"></status>
</kw>
<kw name="Wait Until Element Is Visible" library="SeleniumLibrary">
<doc>Waits until element ``locator`` is visible.</doc>
<arguments>
<arg>name:session[email]</arg>
</arguments>
<status status="PASS" starttime="20200622 10:55:38.898" endtime="20200622 10:55:39.158"></status>
</kw>
<kw name="Wait Until Element Is Visible" library="SeleniumLibrary">
<doc>Waits until element ``locator`` is visible.</doc>
<arguments>
<arg>name:session[password]</arg>
</arguments>
<status status="PASS" starttime="20200622 10:55:39.159" endtime="20200622 10:55:39.179"></status>
</kw>
<kw name="Clear Element Text" library="SeleniumLibrary">
<doc>Clears the value of text entry element identified by ``locator``.</doc>
<arguments>
<arg>name:session[email]</arg>
</arguments>
<status status="PASS" starttime="20200622 10:55:39.179" endtime="20200622 10:55:39.206"></status>
</kw>
<kw name="Clear Element Text" library="SeleniumLibrary">
<doc>Clears the value of text entry element identified by ``locator``.</doc>
<arguments>
<arg>name:session[password]</arg>
</arguments>
<status status="PASS" starttime="20200622 10:55:39.206" endtime="20200622 10:55:39.238"></status>
</kw>
<kw name="Click Element" library="SeleniumLibrary">
<doc>Click element identified by ``locator``.</doc>
<arguments>
<arg>name:commit</arg>
</arguments>
<msg timestamp="20200622 10:55:39.239" level="INFO">Clicking element 'name:commit'.</msg>
<status status="PASS" starttime="20200622 10:55:39.239" endtime="20200622 10:55:47.774"></status>
</kw>
<kw name="Get Location" library="SeleniumLibrary">
<doc>Returns the current browser URL.</doc>
<assign>
<var>${url}</var>
</assign>
<msg timestamp="20200622 10:55:47.783" level="INFO">${url} = http://a.testaddressbook.com/session</msg>
<status status="PASS" starttime="20200622 10:55:47.775" endtime="20200622 10:55:47.784"></status>
</kw>
<kw name="Should Be Equal" library="BuiltIn">
<doc>Fails if the given objects are unequal.</doc>
<arguments>
<arg>${url}</arg>
<arg>http://a.testaddressbook.com/session</arg>
</arguments>
<status status="PASS" starttime="20200622 10:55:47.784" endtime="20200622 10:55:47.784"></status>
</kw>
<kw name="Title Should Be" library="SeleniumLibrary">
<doc>Verifies that current page title equals ``title``.</doc>
<arguments>
<arg>Address Book - Sign In</arg>
</arguments>
<msg timestamp="20200622 10:55:47.792" level="INFO">Page title is 'Address Book - Sign In'.</msg>
<status status="PASS" starttime="20200622 10:55:47.785" endtime="20200622 10:55:47.792"></status>
</kw>
<kw name="Page Should Contain" library="SeleniumLibrary">
<doc>Verifies that current page contains ``text``.</doc>
<arguments>
<arg>Bad email or password.</arg>
</arguments>
<msg timestamp="20200622 10:55:47.815" level="INFO">Current page contains text 'Bad email or password.'.</msg>
<status status="PASS" starttime="20200622 10:55:47.792" endtime="20200622 10:55:47.816"></status>
</kw>
<status status="PASS" starttime="20200622 10:55:38.825" endtime="20200622 10:55:47.816"></status>
</kw>
<kw name="sign in test case with invalid email" library="Sign_In_Test_Cases">
<tags>
<tag>invalid email</tag>
</tags>
<doc>Sign in test case</doc>
<kw name="Go To" library="SeleniumLibrary">
<doc>Navigates the active browser instance to the provided ``url``.</doc>
<arguments>
<arg>http://a.testaddressbook.com/</arg>
</arguments>
<msg timestamp="20200622 10:55:47.818" level="INFO">Opening url 'http://a.testaddressbook.com/'</msg>
<status status="PASS" starttime="20200622 10:55:47.817" endtime="20200622 10:55:48.059"></status>
</kw>
<kw name="Click Element" library="SeleniumLibrary">
<doc>Click element identified by ``locator``.</doc>
<arguments>
<arg>id:sign-in</arg>
</arguments>
<msg timestamp="20200622 10:55:48.059" level="INFO">Clicking element 'id:sign-in'.</msg>
<status status="PASS" starttime="20200622 10:55:48.059" endtime="20200622 10:55:48.109"></status>
</kw>
<kw name="Wait Until Element Is Visible" library="SeleniumLibrary">
<doc>Waits until element ``locator`` is visible.</doc>
<arguments>
<arg>name:session[email]</arg>
</arguments>
<status status="PASS" starttime="20200622 10:55:48.110" endtime="20200622 10:55:48.342"></status>
</kw>
<kw name="Wait Until Element Is Visible" library="SeleniumLibrary">
<doc>Waits until element ``locator`` is visible.</doc>
<arguments>
<arg>name:session[password]</arg>
</arguments>
<status status="PASS" starttime="20200622 10:55:48.342" endtime="20200622 10:55:48.360"></status>
</kw>
<kw name="Input Text" library="SeleniumLibrary">
<doc>Types the given ``text`` into text field identified by ``locator``.</doc>
<arguments>
<arg>name:session[email]</arg>
<arg>invalid_email@hotmail.com</arg>
</arguments>
<msg timestamp="20200622 10:55:48.361" level="INFO">Typing text 'invalid_email@hotmail.com' into text field 'name:session[email]'.</msg>
<status status="PASS" starttime="20200622 10:55:48.361" endtime="20200622 10:55:48.471"></status>
</kw>
<kw name="Input Text" library="SeleniumLibrary">
<doc>Types the given ``text`` into text field identified by ``locator``.</doc>
<arguments>
<arg>name:session[password]</arg>
<arg>123456789</arg>
</arguments>
<msg timestamp="20200622 10:55:48.471" level="INFO">Typing text '123456789' into text field 'name:session[password]'.</msg>
<status status="PASS" starttime="20200622 10:55:48.471" endtime="20200622 10:55:48.536"></status>
</kw>
<kw name="Click Element" library="SeleniumLibrary">
<doc>Click element identified by ``locator``.</doc>
<arguments>
<arg>name:commit</arg>
</arguments>
<msg timestamp="20200622 10:55:48.537" level="INFO">Clicking element 'name:commit'.</msg>
<status status="PASS" starttime="20200622 10:55:48.537" endtime="20200622 10:55:48.978"></status>
</kw>
<kw name="Get Location" library="SeleniumLibrary">
<doc>Returns the current browser URL.</doc>
<assign>
<var>${url}</var>
</assign>
<msg timestamp="20200622 10:55:48.983" level="INFO">${url} = http://a.testaddressbook.com/session</msg>
<status status="PASS" starttime="20200622 10:55:48.978" endtime="20200622 10:55:48.983"></status>
</kw>
<kw name="Should Be Equal" library="BuiltIn">
<doc>Fails if the given objects are unequal.</doc>
<arguments>
<arg>${url}</arg>
<arg>http://a.testaddressbook.com/session</arg>
</arguments>
<status status="PASS" starttime="20200622 10:55:48.983" endtime="20200622 10:55:48.984"></status>
</kw>
<kw name="Title Should Be" library="SeleniumLibrary">
<doc>Verifies that current page title equals ``title``.</doc>
<arguments>
<arg>Address Book - Sign In</arg>
</arguments>
<msg timestamp="20200622 10:55:48.986" level="INFO">Page title is 'Address Book - Sign In'.</msg>
<status status="PASS" starttime="20200622 10:55:48.984" endtime="20200622 10:55:48.987"></status>
</kw>
<kw name="Page Should Contain" library="SeleniumLibrary">
<doc>Verifies that current page contains ``text``.</doc>
<arguments>
<arg>Bad email or password.</arg>
</arguments>
<msg timestamp="20200622 10:55:48.993" level="INFO">Current page contains text 'Bad email or password.'.</msg>
<status status="PASS" starttime="20200622 10:55:48.987" endtime="20200622 10:55:48.993"></status>
</kw>
<status status="PASS" starttime="20200622 10:55:47.817" endtime="20200622 10:55:48.993"></status>
</kw>
<kw name="sign in test case with valid email invalid password" library="Sign_In_Test_Cases">
<tags>
<tag>valid email invalid password</tag>
</tags>
<doc>Sign in test case</doc>
<kw name="Go To" library="SeleniumLibrary">
<doc>Navigates the active browser instance to the provided ``url``.</doc>
<arguments>
<arg>http://a.testaddressbook.com/</arg>
</arguments>
<msg timestamp="20200622 10:55:48.994" level="INFO">Opening url 'http://a.testaddressbook.com/'</msg>
<status status="PASS" starttime="20200622 10:55:48.994" endtime="20200622 10:55:49.238"></status>
</kw>
<kw name="Click Element" library="SeleniumLibrary">
<doc>Click element identified by ``locator``.</doc>
<arguments>
<arg>id:sign-in</arg>
</arguments>
<msg timestamp="20200622 10:55:49.239" level="INFO">Clicking element 'id:sign-in'.</msg>
<status status="PASS" starttime="20200622 10:55:49.238" endtime="20200622 10:55:49.293"></status>
</kw>
<kw name="Wait Until Element Is Visible" library="SeleniumLibrary">
<doc>Waits until element ``locator`` is visible.</doc>
<arguments>
<arg>name:session[email]</arg>
</arguments>
<status status="PASS" starttime="20200622 10:55:49.293" endtime="20200622 10:55:49.525"></status>
</kw>
<kw name="Wait Until Element Is Visible" library="SeleniumLibrary">
<doc>Waits until element ``locator`` is visible.</doc>
<arguments>
<arg>name:session[password]</arg>
</arguments>
<status status="PASS" starttime="20200622 10:55:49.525" endtime="20200622 10:55:49.549"></status>
</kw>
<kw name="Input Text" library="SeleniumLibrary">
<doc>Types the given ``text`` into text field identified by ``locator``.</doc>
<arguments>
<arg>name:session[email]</arg>
<arg>george.ghawali@exalt.email</arg>
</arguments>
<msg timestamp="20200622 10:55:49.549" level="INFO">Typing text 'george.ghawali@exalt.email' into text field 'name:session[email]'.</msg>
<status status="PASS" starttime="20200622 10:55:49.549" endtime="20200622 10:55:49.658"></status>
</kw>
<kw name="Input Text" library="SeleniumLibrary">
<doc>Types the given ``text`` into text field identified by ``locator``.</doc>
<arguments>
<arg>name:session[password]</arg>
<arg>12345678</arg>
</arguments>
<msg timestamp="20200622 10:55:49.658" level="INFO">Typing text '12345678' into text field 'name:session[password]'.</msg>
<status status="PASS" starttime="20200622 10:55:49.658" endtime="20200622 10:55:49.719"></status>
</kw>
<kw name="Click Element" library="SeleniumLibrary">
<doc>Click element identified by ``locator``.</doc>
<arguments>
<arg>name:commit</arg>
</arguments>
<msg timestamp="20200622 10:55:49.720" level="INFO">Clicking element 'name:commit'.</msg>
<status status="PASS" starttime="20200622 10:55:49.719" endtime="20200622 10:55:50.072"></status>
</kw>
<kw name="Get Location" library="SeleniumLibrary">
<doc>Returns the current browser URL.</doc>
<assign>
<var>${url}</var>
</assign>
<msg timestamp="20200622 10:55:50.076" level="INFO">${url} = http://a.testaddressbook.com/session</msg>
<status status="PASS" starttime="20200622 10:55:50.073" endtime="20200622 10:55:50.076"></status>
</kw>
<kw name="Should Be Equal" library="BuiltIn">
<doc>Fails if the given objects are unequal.</doc>
<arguments>
<arg>${url}</arg>
<arg>http://a.testaddressbook.com/session</arg>
</arguments>
<status status="PASS" starttime="20200622 10:55:50.076" endtime="20200622 10:55:50.077"></status>
</kw>
<kw name="Title Should Be" library="SeleniumLibrary">
<doc>Verifies that current page title equals ``title``.</doc>
<arguments>
<arg>Address Book - Sign In</arg>
</arguments>
<msg timestamp="20200622 10:55:50.080" level="INFO">Page title is 'Address Book - Sign In'.</msg>
<status status="PASS" starttime="20200622 10:55:50.077" endtime="20200622 10:55:50.080"></status>
</kw>
<kw name="Page Should Contain" library="SeleniumLibrary">
<doc>Verifies that current page contains ``text``.</doc>
<arguments>
<arg>Bad email or password.</arg>
</arguments>
<msg timestamp="20200622 10:55:50.090" level="INFO">Current page contains text 'Bad email or password.'.</msg>
<status status="PASS" starttime="20200622 10:55:50.080" endtime="20200622 10:55:50.090"></status>
</kw>
<status status="PASS" starttime="20200622 10:55:48.994" endtime="20200622 10:55:50.090"></status>
</kw>
<kw name="sign in test case with valid email valid password" library="Sign_In_Test_Cases">
<tags>
<tag>valid email invalid password</tag>
</tags>
<doc>Sign in test case</doc>
<kw name="Go To" library="SeleniumLibrary">
<doc>Navigates the active browser instance to the provided ``url``.</doc>
<arguments>
<arg>http://a.testaddressbook.com/</arg>
</arguments>
<msg timestamp="20200622 10:55:50.091" level="INFO">Opening url 'http://a.testaddressbook.com/'</msg>
<status status="PASS" starttime="20200622 10:55:50.091" endtime="20200622 10:55:50.550"></status>
</kw>
<kw name="Click Element" library="SeleniumLibrary">
<doc>Click element identified by ``locator``.</doc>
<arguments>
<arg>id:sign-in</arg>
</arguments>
<msg timestamp="20200622 10:55:50.551" level="INFO">Clicking element 'id:sign-in'.</msg>
<status status="PASS" starttime="20200622 10:55:50.550" endtime="20200622 10:55:50.604"></status>
</kw>
<kw name="Wait Until Element Is Visible" library="SeleniumLibrary">
<doc>Waits until element ``locator`` is visible.</doc>
<arguments>
<arg>name:session[email]</arg>
</arguments>
<status status="PASS" starttime="20200622 10:55:50.604" endtime="20200622 10:55:50.834"></status>
</kw>
<kw name="Wait Until Element Is Visible" library="SeleniumLibrary">
<doc>Waits until element ``locator`` is visible.</doc>
<arguments>
<arg>name:session[password]</arg>
</arguments>
<status status="PASS" starttime="20200622 10:55:50.834" endtime="20200622 10:55:50.859"></status>
</kw>
<kw name="Input Text" library="SeleniumLibrary">
<doc>Types the given ``text`` into text field identified by ``locator``.</doc>
<arguments>
<arg>name:session[email]</arg>
<arg>george.ghawali@exalt.email</arg>
</arguments>
<msg timestamp="20200622 10:55:50.860" level="INFO">Typing text 'george.ghawali@exalt.email' into text field 'name:session[email]'.</msg>
<status status="PASS" starttime="20200622 10:55:50.860" endtime="20200622 10:55:51.000"></status>
</kw>
<kw name="Set Variable" library="BuiltIn">
<doc>Returns the given values which can then be assigned to a variables.</doc>
<arguments>
<arg>${signed_email}</arg>
<arg>name:user[email]</arg>
</arguments>
<status status="PASS" starttime="20200622 10:55:51.000" endtime="20200622 10:55:51.000"></status>
</kw>
<kw name="Input Text" library="SeleniumLibrary">
<doc>Types the given ``text`` into text field identified by ``locator``.</doc>
<arguments>
<arg>name:session[password]</arg>
<arg>123456789</arg>
</arguments>
<msg timestamp="20200622 10:55:51.001" level="INFO">Typing text '123456789' into text field 'name:session[password]'.</msg>
<status status="PASS" starttime="20200622 10:55:51.000" endtime="20200622 10:55:51.062"></status>
</kw>
<kw name="Click Element" library="SeleniumLibrary">
<doc>Click element identified by ``locator``.</doc>
<arguments>
<arg>name:commit</arg>
</arguments>
<msg timestamp="20200622 10:55:51.063" level="INFO">Clicking element 'name:commit'.</msg>
<status status="PASS" starttime="20200622 10:55:51.062" endtime="20200622 10:55:51.626"></status>
</kw>
<kw name="Get Location" library="SeleniumLibrary">
<doc>Returns the current browser URL.</doc>
<assign>
<var>${url}</var>
</assign>
<msg timestamp="20200622 10:55:51.629" level="INFO">${url} = http://a.testaddressbook.com/</msg>
<status status="PASS" starttime="20200622 10:55:51.626" endtime="20200622 10:55:51.629"></status>
</kw>
<kw name="Should Be Equal" library="BuiltIn">
<doc>Fails if the given objects are unequal.</doc>
<arguments>
<arg>${url}</arg>
<arg>http://a.testaddressbook.com/</arg>
</arguments>
<status status="PASS" starttime="20200622 10:55:51.629" endtime="20200622 10:55:51.629"></status>
</kw>
<kw name="Title Should Be" library="SeleniumLibrary">
<doc>Verifies that current page title equals ``title``.</doc>
<arguments>
<arg>Address Book</arg>
</arguments>
<msg timestamp="20200622 10:55:51.633" level="INFO">Page title is 'Address Book'.</msg>
<status status="PASS" starttime="20200622 10:55:51.629" endtime="20200622 10:55:51.634"></status>
</kw>
<kw name="Current Frame Should Contain" library="SeleniumLibrary">
<doc>Verifies that current frame contains ``text``.</doc>
<arguments>
<arg>Sign out</arg>
</arguments>
<msg timestamp="20200622 10:55:51.643" level="INFO">Current frame contains text 'Sign out'.</msg>
<status status="PASS" starttime="20200622 10:55:51.634" endtime="20200622 10:55:51.643"></status>
</kw>
<kw name="Current Frame Should Contain" library="SeleniumLibrary">
<doc>Verifies that current frame contains ``text``.</doc>
<arguments>
<arg>Welcome to Address Book</arg>
</arguments>
<msg timestamp="20200622 10:55:51.657" level="INFO">Current frame contains text 'Welcome to Address Book'.</msg>
<status status="PASS" starttime="20200622 10:55:51.643" endtime="20200622 10:55:51.657"></status>
</kw>
<kw name="Current Frame Should Contain" library="SeleniumLibrary">
<doc>Verifies that current frame contains ``text``.</doc>
<arguments>
<arg>A simple web app for showing off your testing</arg>
</arguments>
<msg timestamp="20200622 10:55:51.674" level="INFO">Current frame contains text 'A simple web app for showing off your testing'.</msg>
<status status="PASS" starttime="20200622 10:55:51.657" endtime="20200622 10:55:51.674"></status>
</kw>
<kw name="Current Frame Should Contain" library="SeleniumLibrary">
<doc>Verifies that current frame contains ``text``.</doc>
<arguments>
<arg>${signed_email}</arg>
</arguments>
<msg timestamp="20200622 10:55:51.688" level="INFO">Current frame contains text ''.</msg>
<status status="PASS" starttime="20200622 10:55:51.674" endtime="20200622 10:55:51.688"></status>
</kw>
<kw name="Current Frame Should Contain" library="SeleniumLibrary">
<doc>Verifies that current frame contains ``text``.</doc>
<arguments>
<arg>Home</arg>
</arguments>
<msg timestamp="20200622 10:55:51.700" level="INFO">Current frame contains text 'Home'.</msg>
<status status="PASS" starttime="20200622 10:55:51.688" endtime="20200622 10:55:51.700"></status>
</kw>
<kw name="Current Frame Should Contain" library="SeleniumLibrary">
<doc>Verifies that current frame contains ``text``.</doc>
<arguments>
<arg>Addresses</arg>
</arguments>
<msg timestamp="20200622 10:55:51.712" level="INFO">Current frame contains text 'Addresses'.</msg>
<status status="PASS" starttime="20200622 10:55:51.700" endtime="20200622 10:55:51.712"></status>
</kw>
<status status="PASS" starttime="20200622 10:55:50.091" endtime="20200622 10:55:51.712"></status>
</kw>
<status status="PASS" starttime="20200622 10:55:24.809" endtime="20200622 10:55:51.712" critical="yes"></status>
</test>
<test id="s1-t2" name="test cases for sign up">
<kw name="sign up test case with empty fields" library="Sign_Up_Test_Cases">
<tags>
<tag>empty fields</tag>
</tags>
<doc>Sign up test case</doc>
<kw name="Go To" library="SeleniumLibrary">
<doc>Navigates the active browser instance to the provided ``url``.</doc>
<arguments>
<arg>http://a.testaddressbook.com/</arg>
</arguments>
<msg timestamp="20200622 10:55:51.716" level="INFO">Opening url 'http://a.testaddressbook.com/'</msg>
<status status="PASS" starttime="20200622 10:55:51.715" endtime="20200622 10:55:51.943"></status>
</kw>
<kw name="Click Link" library="SeleniumLibrary">
<doc>Clicks a link identified by ``locator``.</doc>
<arguments>
<arg>Sign out</arg>
</arguments>
<msg timestamp="20200622 10:55:51.944" level="INFO">Clicking link 'Sign out'.</msg>
<status status="PASS" starttime="20200622 10:55:51.944" endtime="20200622 10:55:52.433"></status>
</kw>
<kw name="Wait Until Element Is Visible" library="SeleniumLibrary">
<doc>Waits until element ``locator`` is visible.</doc>
<arguments>
<arg>id:sign-in</arg>
</arguments>
<status status="PASS" starttime="20200622 10:55:52.434" endtime="20200622 10:55:52.452"></status>
</kw>
<kw name="Click Element" library="SeleniumLibrary">
<doc>Click element identified by ``locator``.</doc>
<arguments>
<arg>id:sign-in</arg>
</arguments>
<msg timestamp="20200622 10:55:52.452" level="INFO">Clicking element 'id:sign-in'.</msg>
<status status="PASS" starttime="20200622 10:55:52.452" endtime="20200622 10:55:52.509"></status>
</kw>
<kw name="Wait Until Element Is Visible" library="SeleniumLibrary">
<doc>Waits until element ``locator`` is visible.</doc>
<arguments>
<arg>link:Sign up</arg>
</arguments>
<status status="PASS" starttime="20200622 10:55:52.509" endtime="20200622 10:55:52.535"></status>
</kw>
<kw name="Click Link" library="SeleniumLibrary">
<doc>Clicks a link identified by ``locator``.</doc>
<arguments>
<arg>Sign up</arg>
</arguments>
<msg timestamp="20200622 10:55:52.535" level="INFO">Clicking link 'Sign up'.</msg>
<status status="PASS" starttime="20200622 10:55:52.535" endtime="20200622 10:55:52.578"></status>
</kw>
<kw name="Wait Until Element Is Visible" library="SeleniumLibrary">
<doc>Waits until element ``locator`` is visible.</doc>
<arguments>
<arg>name:user[email]</arg>
</arguments>
<status status="PASS" starttime="20200622 10:55:52.578" endtime="20200622 10:55:52.814"></status>
</kw>
<kw name="Wait Until Element Is Visible" library="SeleniumLibrary">
<doc>Waits until element ``locator`` is visible.</doc>
<arguments>
<arg>name:user[password]</arg>
</arguments>
<status status="PASS" starttime="20200622 10:55:52.814" endtime="20200622 10:55:52.836"></status>
</kw>
<kw name="Clear Element Text" library="SeleniumLibrary">
<doc>Clears the value of text entry element identified by ``locator``.</doc>
<arguments>
<arg>name:user[email]</arg>
</arguments>
<status status="PASS" starttime="20200622 10:55:52.837" endtime="20200622 10:55:52.874"></status>
</kw>
<kw name="Clear Element Text" library="SeleniumLibrary">
<doc>Clears the value of text entry element identified by ``locator``.</doc>
<arguments>
<arg>name:user[password]</arg>
</arguments>
<status status="PASS" starttime="20200622 10:55:52.874" endtime="20200622 10:55:52.911"></status>
</kw>
<kw name="Click Element" library="SeleniumLibrary">
<doc>Click element identified by ``locator``.</doc>
<arguments>
<arg>name:commit</arg>
</arguments>
<msg timestamp="20200622 10:55:52.912" level="INFO">Clicking element 'name:commit'.</msg>
<status status="PASS" starttime="20200622 10:55:52.911" endtime="20200622 10:55:53.184"></status>
</kw>
<kw name="Get Location" library="SeleniumLibrary">
<doc>Returns the current browser URL.</doc>
<assign>
<var>${url}</var>
</assign>
<msg timestamp="20200622 10:55:53.188" level="INFO">${url} = http://a.testaddressbook.com/users</msg>
<status status="PASS" starttime="20200622 10:55:53.184" endtime="20200622 10:55:53.188"></status>
</kw>
<kw name="Should Not Be Equal" library="BuiltIn">
<doc>Fails if the given objects are equal.</doc>
<arguments>
<arg>${url}</arg>
<arg>http://a.testaddressbook.com/sign_up</arg>
</arguments>
<status status="PASS" starttime="20200622 10:55:53.188" endtime="20200622 10:55:53.188"></status>
</kw>
<kw name="Title Should Be" library="SeleniumLibrary">
<doc>Verifies that current page title equals ``title``.</doc>
<arguments>
<arg>Address Book - Sign Up</arg>
</arguments>
<msg timestamp="20200622 10:55:53.190" level="INFO">Page title is 'Address Book - Sign Up'.</msg>
<status status="PASS" starttime="20200622 10:55:53.188" endtime="20200622 10:55:53.191"></status>
</kw>
<status status="PASS" starttime="20200622 10:55:51.715" endtime="20200622 10:55:53.191"></status>
</kw>
<kw name="sign up test case with exsisting email" library="Sign_Up_Test_Cases">
<tags>
<tag>exsisting email</tag>
</tags>
<doc>Sign up test case</doc>
<kw name="Go To" library="SeleniumLibrary">
<doc>Navigates the active browser instance to the provided ``url``.</doc>
<arguments>
<arg>http://a.testaddressbook.com/</arg>
</arguments>
<msg timestamp="20200622 10:55:53.191" level="INFO">Opening url 'http://a.testaddressbook.com/'</msg>
<status status="PASS" starttime="20200622 10:55:53.191" endtime="20200622 10:55:53.411"></status>
</kw>
<kw name="Wait Until Element Is Visible" library="SeleniumLibrary">
<doc>Waits until element ``locator`` is visible.</doc>
<arguments>
<arg>id:sign-in</arg>
</arguments>
<status status="PASS" starttime="20200622 10:55:53.411" endtime="20200622 10:55:53.438"></status>
</kw>
<kw name="Click Element" library="SeleniumLibrary">
<doc>Click element identified by ``locator``.</doc>
<arguments>
<arg>id:sign-in</arg>
</arguments>
<msg timestamp="20200622 10:55:53.438" level="INFO">Clicking element 'id:sign-in'.</msg>
<status status="PASS" starttime="20200622 10:55:53.438" endtime="20200622 10:55:53.491"></status>
</kw>
<kw name="Wait Until Element Is Visible" library="SeleniumLibrary">
<doc>Waits until element ``locator`` is visible.</doc>
<arguments>
<arg>link:Sign up</arg>
</arguments>
<status status="PASS" starttime="20200622 10:55:53.491" endtime="20200622 10:55:53.725"></status>
</kw>
<kw name="Click Link" library="SeleniumLibrary">
<doc>Clicks a link identified by ``locator``.</doc>
<arguments>
<arg>Sign up</arg>
</arguments>
<msg timestamp="20200622 10:55:53.726" level="INFO">Clicking link 'Sign up'.</msg>
<status status="PASS" starttime="20200622 10:55:53.725" endtime="20200622 10:55:53.792"></status>
</kw>
<kw name="Wait Until Element Is Visible" library="SeleniumLibrary">
<doc>Waits until element ``locator`` is visible.</doc>
<arguments>
<arg>name:user[email]</arg>
</arguments>
<status status="PASS" starttime="20200622 10:55:53.793" endtime="20200622 10:55:54.025"></status>
</kw>
<kw name="Wait Until Element Is Visible" library="SeleniumLibrary">
<doc>Waits until element ``locator`` is visible.</doc>
<arguments>
<arg>name:user[password]</arg>
</arguments>
<status status="PASS" starttime="20200622 10:55:54.026" endtime="20200622 10:55:54.050"></status>
</kw>
<kw name="Input Text" library="SeleniumLibrary">
<doc>Types the given ``text`` into text field identified by ``locator``.</doc>
<arguments>
<arg>name:user[email]</arg>
<arg>george.ghawali@exalt.email</arg>
</arguments>
<msg timestamp="20200622 10:55:54.050" level="INFO">Typing text 'george.ghawali@exalt.email' into text field 'name:user[email]'.</msg>
<status status="PASS" starttime="20200622 10:55:54.050" endtime="20200622 10:55:54.167"></status>
</kw>
<kw name="Input Text" library="SeleniumLibrary">
<doc>Types the given ``text`` into text field identified by ``locator``.</doc>
<arguments>
<arg>name:user[password]</arg>
<arg>123456789</arg>
</arguments>
<msg timestamp="20200622 10:55:54.167" level="INFO">Typing text '123456789' into text field 'name:user[password]'.</msg>
<status status="PASS" starttime="20200622 10:55:54.167" endtime="20200622 10:55:54.230"></status>
</kw>
<kw name="Click Element" library="SeleniumLibrary">
<doc>Click element identified by ``locator``.</doc>
<arguments>
<arg>name:commit</arg>
</arguments>
<msg timestamp="20200622 10:55:54.231" level="INFO">Clicking element 'name:commit'.</msg>
<status status="PASS" starttime="20200622 10:55:54.231" endtime="20200622 10:55:54.596"></status>
</kw>
<kw name="Get Location" library="SeleniumLibrary">
<doc>Returns the current browser URL.</doc>
<assign>
<var>${url}</var>
</assign>
<msg timestamp="20200622 10:55:54.604" level="INFO">${url} = http://a.testaddressbook.com/users</msg>
<status status="PASS" starttime="20200622 10:55:54.596" endtime="20200622 10:55:54.604"></status>
</kw>
<kw name="Should Not Be Equal" library="BuiltIn">
<doc>Fails if the given objects are equal.</doc>
<arguments>
<arg>${url}</arg>
<arg>http://a.testaddressbook.com/sign_up</arg>
</arguments>
<status status="PASS" starttime="20200622 10:55:54.605" endtime="20200622 10:55:54.605"></status>
</kw>
<kw name="Title Should Be" library="SeleniumLibrary">
<doc>Verifies that current page title equals ``title``.</doc>
<arguments>
<arg>Address Book - Sign Up</arg>
</arguments>
<msg timestamp="20200622 10:55:54.611" level="INFO">Page title is 'Address Book - Sign Up'.</msg>
<status status="PASS" starttime="20200622 10:55:54.605" endtime="20200622 10:55:54.611"></status>
</kw>
<status status="PASS" starttime="20200622 10:55:53.191" endtime="20200622 10:55:54.611"></status>
</kw>
<kw name="sign up test case with invalid email" library="Sign_Up_Test_Cases">
<tags>
<tag>invalid email</tag>
</tags>
<doc>Sign up test case</doc>
<kw name="Go To" library="SeleniumLibrary">
<doc>Navigates the active browser instance to the provided ``url``.</doc>
<arguments>
<arg>http://a.testaddressbook.com/</arg>
</arguments>
<msg timestamp="20200622 10:55:54.613" level="INFO">Opening url 'http://a.testaddressbook.com/'</msg>
<status status="PASS" starttime="20200622 10:55:54.612" endtime="20200622 10:55:54.834"></status>
</kw>
<kw name="Wait Until Element Is Visible" library="SeleniumLibrary">
<doc>Waits until element ``locator`` is visible.</doc>
<arguments>
<arg>id:sign-in</arg>
</arguments>
<status status="PASS" starttime="20200622 10:55:54.834" endtime="20200622 10:55:54.851"></status>
</kw>
<kw name="Click Element" library="SeleniumLibrary">
<doc>Click element identified by ``locator``.</doc>
<arguments>
<arg>id:sign-in</arg>
</arguments>
<msg timestamp="20200622 10:55:54.851" level="INFO">Clicking element 'id:sign-in'.</msg>
<status status="PASS" starttime="20200622 10:55:54.851" endtime="20200622 10:55:54.895"></status>
</kw>
<kw name="Wait Until Element Is Visible" library="SeleniumLibrary">
<doc>Waits until element ``locator`` is visible.</doc>
<arguments>
<arg>link:Sign up</arg>
</arguments>
<status status="PASS" starttime="20200622 10:55:54.896" endtime="20200622 10:55:55.132"></status>
</kw>
<kw name="Click Link" library="SeleniumLibrary">
<doc>Clicks a link identified by ``locator``.</doc>
<arguments>
<arg>Sign up</arg>
</arguments>
<msg timestamp="20200622 10:55:55.132" level="INFO">Clicking link 'Sign up'.</msg>
<status status="PASS" starttime="20200622 10:55:55.132" endtime="20200622 10:55:55.202"></status>
</kw>
<kw name="Wait Until Element Is Visible" library="SeleniumLibrary">
<doc>Waits until element ``locator`` is visible.</doc>
<arguments>
<arg>name:user[email]</arg>
</arguments>
<status status="PASS" starttime="20200622 10:55:55.203" endtime="20200622 10:55:55.434"></status>
</kw>
<kw name="Wait Until Element Is Visible" library="SeleniumLibrary">
<doc>Waits until element ``locator`` is visible.</doc>
<arguments>
<arg>name:user[password]</arg>
</arguments>
<status status="PASS" starttime="20200622 10:55:55.434" endtime="20200622 10:55:55.458"></status>
</kw>
<kw name="Input Text" library="SeleniumLibrary">
<doc>Types the given ``text`` into text field identified by ``locator``.</doc>
<arguments>
<arg>name:user[email]</arg>
<arg>invalid email</arg>
</arguments>
<msg timestamp="20200622 10:55:55.459" level="INFO">Typing text 'invalid email' into text field 'name:user[email]'.</msg>
<status status="PASS" starttime="20200622 10:55:55.458" endtime="20200622 10:55:55.556"></status>
</kw>
<kw name="Input Text" library="SeleniumLibrary">
<doc>Types the given ``text`` into text field identified by ``locator``.</doc>
<arguments>
<arg>name:user[password]</arg>
<arg>123456789</arg>
</arguments>
<msg timestamp="20200622 10:55:55.556" level="INFO">Typing text '123456789' into text field 'name:user[password]'.</msg>
<status status="PASS" starttime="20200622 10:55:55.556" endtime="20200622 10:55:55.622"></status>
</kw>
<kw name="Click Element" library="SeleniumLibrary">
<doc>Click element identified by ``locator``.</doc>
<arguments>
<arg>name:commit</arg>
</arguments>
<msg timestamp="20200622 10:55:55.623" level="INFO">Clicking element 'name:commit'.</msg>
<status status="PASS" starttime="20200622 10:55:55.623" endtime="20200622 10:55:55.680"></status>
</kw>
<kw name="Title Should Be" library="SeleniumLibrary">
<doc>Verifies that current page title equals ``title``.</doc>
<arguments>
<arg>Address Book - Sign Up</arg>
</arguments>
<msg timestamp="20200622 10:55:55.689" level="INFO">Page title is 'Address Book - Sign Up'.</msg>
<status status="PASS" starttime="20200622 10:55:55.681" endtime="20200622 10:55:55.689"></status>
</kw>
<kw name="Get Location" library="SeleniumLibrary">
<doc>Returns the current browser URL.</doc>
<assign>
<var>${url}</var>
</assign>
<msg timestamp="20200622 10:55:55.693" level="INFO">${url} = http://a.testaddressbook.com/sign_up</msg>
<status status="PASS" starttime="20200622 10:55:55.689" endtime="20200622 10:55:55.693"></status>
</kw>
<kw name="Should Be Equal" library="BuiltIn">
<doc>Fails if the given objects are unequal.</doc>
<arguments>
<arg>${url}</arg>
<arg>http://a.testaddressbook.com/sign_up</arg>
</arguments>
<status status="PASS" starttime="20200622 10:55:55.693" endtime="20200622 10:55:55.693"></status>
</kw>
<status status="PASS" starttime="20200622 10:55:54.612" endtime="20200622 10:55:55.693"></status>
</kw>
<kw name="sign up test case with new email" library="Sign_Up_Test_Cases">
<tags>
<tag>invalid email</tag>
</tags>
<doc>Sign up test case</doc>
<kw name="Go To" library="SeleniumLibrary">
<doc>Navigates the active browser instance to the provided ``url``.</doc>
<arguments>
<arg>http://a.testaddressbook.com/</arg>
</arguments>
<msg timestamp="20200622 10:55:55.694" level="INFO">Opening url 'http://a.testaddressbook.com/'</msg>
<status status="PASS" starttime="20200622 10:55:55.694" endtime="20200622 10:55:55.929"></status>
</kw>
<kw name="Wait Until Element Is Visible" library="SeleniumLibrary">
<doc>Waits until element ``locator`` is visible.</doc>
<arguments>
<arg>id:sign-in</arg>
</arguments>
<status status="PASS" starttime="20200622 10:55:55.929" endtime="20200622 10:55:55.943"></status>
</kw>
<kw name="Click Element" library="SeleniumLibrary">
<doc>Click element identified by ``locator``.</doc>
<arguments>
<arg>id:sign-in</arg>
</arguments>
<msg timestamp="20200622 10:55:55.943" level="INFO">Clicking element 'id:sign-in'.</msg>
<status status="PASS" starttime="20200622 10:55:55.943" endtime="20200622 10:55:55.992"></status>
</kw>
<kw name="Wait Until Element Is Visible" library="SeleniumLibrary">
<doc>Waits until element ``locator`` is visible.</doc>
<arguments>
<arg>link:Sign up</arg>
</arguments>
<status status="PASS" starttime="20200622 10:55:55.993" endtime="20200622 10:55:56.440"></status>
</kw>
<kw name="Click Link" library="SeleniumLibrary">
<doc>Clicks a link identified by ``locator``.</doc>
<arguments>
<arg>Sign up</arg>
</arguments>
<msg timestamp="20200622 10:55:56.440" level="INFO">Clicking link 'Sign up'.</msg>
<status status="PASS" starttime="20200622 10:55:56.440" endtime="20200622 10:55:56.490"></status>
</kw>
<kw name="Wait Until Element Is Visible" library="SeleniumLibrary">
<doc>Waits until element ``locator`` is visible.</doc>
<arguments>
<arg>name:user[email]</arg>
</arguments>
<status status="PASS" starttime="20200622 10:55:56.490" endtime="20200622 10:55:56.935"></status>
</kw>
<kw name="Wait Until Element Is Visible" library="SeleniumLibrary">
<doc>Waits until element ``locator`` is visible.</doc>
<arguments>
<arg>name:user[password]</arg>
</arguments>
<status status="PASS" starttime="20200622 10:55:56.935" endtime="20200622 10:55:56.959"></status>
</kw>
<kw name="Input Text" library="SeleniumLibrary">
<doc>Types the given ``text`` into text field identified by ``locator``.</doc>
<arguments>
<arg>name:user[email]</arg>
<arg>new_email_46@hotmail.com</arg>
</arguments>
<msg timestamp="20200622 10:55:56.960" level="INFO">Typing text 'new_email_46@hotmail.com' into text field 'name:user[email]'.</msg>
<status status="PASS" starttime="20200622 10:55:56.959" endtime="20200622 10:55:57.074"></status>
</kw>
<kw name="Input Text" library="SeleniumLibrary">
<doc>Types the given ``text`` into text field identified by ``locator``.</doc>
<arguments>
<arg>name:user[password]</arg>
<arg>123456789</arg>
</arguments>
<msg timestamp="20200622 10:55:57.074" level="INFO">Typing text '123456789' into text field 'name:user[password]'.</msg>
<status status="PASS" starttime="20200622 10:55:57.074" endtime="20200622 10:55:57.139"></status>
</kw>
<kw name="Set Variable" library="BuiltIn">
<doc>Returns the given values which can then be assigned to a variables.</doc>
<arguments>
<arg>${signed_email}</arg>
<arg>name:user[email]</arg>
</arguments>
<status status="PASS" starttime="20200622 10:55:57.140" endtime="20200622 10:55:57.140"></status>
</kw>
<kw name="Click Element" library="SeleniumLibrary">
<doc>Click element identified by ``locator``.</doc>
<arguments>
<arg>name:commit</arg>
</arguments>
<msg timestamp="20200622 10:55:57.140" level="INFO">Clicking element 'name:commit'.</msg>
<status status="PASS" starttime="20200622 10:55:57.140" endtime="20200622 10:55:57.721"></status>
</kw>
<kw name="Get Location" library="SeleniumLibrary">
<doc>Returns the current browser URL.</doc>
<assign>
<var>${url}</var>
</assign>
<msg timestamp="20200622 10:55:57.725" level="INFO">${url} = http://a.testaddressbook.com/</msg>
<status status="PASS" starttime="20200622 10:55:57.721" endtime="20200622 10:55:57.725"></status>
</kw>
<kw name="Should Not Be Equal" library="BuiltIn">
<doc>Fails if the given objects are equal.</doc>
<arguments>
<arg>${url}</arg>
<arg>http://a.testaddressbook.com/sign_up</arg>
</arguments>
<status status="PASS" starttime="20200622 10:55:57.725" endtime="20200622 10:55:57.726"></status>
</kw>
<kw name="Title Should Be" library="SeleniumLibrary">
<doc>Verifies that current page title equals ``title``.</doc>
<arguments>
<arg>Address Book</arg>
</arguments>
<msg timestamp="20200622 10:55:57.729" level="INFO">Page title is 'Address Book'.</msg>
<status status="PASS" starttime="20200622 10:55:57.726" endtime="20200622 10:55:57.729"></status>
</kw>
<kw name="Current Frame Should Contain" library="SeleniumLibrary">
<doc>Verifies that current frame contains ``text``.</doc>
<arguments>
<arg>Sign out</arg>
</arguments>
<msg timestamp="20200622 10:55:57.741" level="INFO">Current frame contains text 'Sign out'.</msg>
<status status="PASS" starttime="20200622 10:55:57.729" endtime="20200622 10:55:57.741"></status>
</kw>
<kw name="Current Frame Should Contain" library="SeleniumLibrary">
<doc>Verifies that current frame contains ``text``.</doc>
<arguments>
<arg>Welcome to Address Book</arg>
</arguments>
<msg timestamp="20200622 10:55:57.752" level="INFO">Current frame contains text 'Welcome to Address Book'.</msg>
<status status="PASS" starttime="20200622 10:55:57.741" endtime="20200622 10:55:57.752"></status>
</kw>
<kw name="Current Frame Should Contain" library="SeleniumLibrary">
<doc>Verifies that current frame contains ``text``.</doc>
<arguments>
<arg>A simple web app for showing off your testing</arg>
</arguments>
<msg timestamp="20200622 10:55:57.763" level="INFO">Current frame contains text 'A simple web app for showing off your testing'.</msg>
<status status="PASS" starttime="20200622 10:55:57.753" endtime="20200622 10:55:57.763"></status>
</kw>
<kw name="Current Frame Should Contain" library="SeleniumLibrary">
<doc>Verifies that current frame contains ``text``.</doc>
<arguments>
<arg>${signed_email}</arg>
</arguments>
<msg timestamp="20200622 10:55:57.775" level="INFO">Current frame contains text ''.</msg>
<status status="PASS" starttime="20200622 10:55:57.763" endtime="20200622 10:55:57.775"></status>
</kw>
<kw name="Current Frame Should Contain" library="SeleniumLibrary">
<doc>Verifies that current frame contains ``text``.</doc>
<arguments>
<arg>Home</arg>
</arguments>
<msg timestamp="20200622 10:55:57.786" level="INFO">Current frame contains text 'Home'.</msg>
<status status="PASS" starttime="20200622 10:55:57.775" endtime="20200622 10:55:57.786"></status>
</kw>
<kw name="Current Frame Should Contain" library="SeleniumLibrary">
<doc>Verifies that current frame contains ``text``.</doc>
<arguments>
<arg>Addresses</arg>
</arguments>
<msg timestamp="20200622 10:55:57.796" level="INFO">Current frame contains text 'Addresses'.</msg>
<status status="PASS" starttime="20200622 10:55:57.786" endtime="20200622 10:55:57.796"></status>
</kw>
<status status="PASS" starttime="20200622 10:55:55.694" endtime="20200622 10:55:57.797"></status>
</kw>
<kw name="close browser connection" library="CommonFunctionality">
<kw name="Close Browser" library="SeleniumLibrary">
<doc>Closes the current browser.</doc>
<status status="PASS" starttime="20200622 10:55:57.798" endtime="20200622 10:55:59.876"></status>
</kw>
<status status="PASS" starttime="20200622 10:55:57.797" endtime="20200622 10:55:59.876"></status>
</kw>
<status status="PASS" starttime="20200622 10:55:51.714" endtime="20200622 10:55:59.877" critical="yes"></status>
</test>
<doc>Addresses_Test</doc>
<status status="PASS" starttime="20200622 10:55:24.662" endtime="20200622 10:55:59.880"></status>
</suite>
<statistics>
<total>
<stat pass="2" fail="0">Critical Tests</stat>
<stat pass="2" fail="0">All Tests</stat>
</total>
<tag>
</tag>
<suite>
<stat pass="2" fail="0" id="s1" name="Test">Test</stat>
</suite>
</statistics>
<errors>
</errors>
</robot>
